\BOOKMARK [1][-]{section*.6}{\376\377\000L\000i\000s\000t\000\040\000o\000f\000\040\000F\000i\000g\000u\000r\000e\000s}{}% 1
\BOOKMARK [1][-]{section*.7}{\376\377\000L\000i\000s\000t\000\040\000o\000f\000\040\000T\000a\000b\000l\000e\000s}{}% 2
\BOOKMARK [1][-]{section.1}{\376\377\000I\000n\000t\000r\000o\000d\000u\000c\000t\000i\000o\000n}{}% 3
\BOOKMARK [2][-]{subsection.1.1}{\376\377\000M\000o\000t\000i\000v\000a\000t\000i\000o\000n}{section.1}% 4
\BOOKMARK [2][-]{subsection.1.2}{\376\377\000L\000i\000t\000e\000r\000a\000t\000u\000r\000e\000\040\000R\000e\000v\000i\000e\000w}{section.1}% 5
\BOOKMARK [3][-]{subsubsection.1.2.1}{\376\377\000P\000h\000y\000s\000i\000c\000s\000\040\000o\000f\000\040\000W\000a\000l\000l\000\040\000B\000o\000u\000n\000d\000e\000d\000\040\000F\000l\000o\000w\000\040\000T\000u\000r\000b\000u\000l\000e\000n\000c\000e}{subsection.1.2}% 6
\BOOKMARK [3][-]{subsubsection.1.2.2}{\376\377\000S\000p\000a\000n\000w\000i\000s\000e\000\040\000O\000s\000c\000i\000l\000l\000a\000t\000i\000n\000g\000\040\000W\000a\000l\000l\000\040\000F\000l\000o\000w\000\040\000C\000o\000n\000t\000r\000o\000l}{subsection.1.2}% 7
\BOOKMARK [3][-]{subsubsection.1.2.3}{\376\377\000T\000u\000r\000b\000u\000l\000e\000n\000c\000e\000\040\000M\000o\000d\000e\000l\000l\000i\000n\000g}{subsection.1.2}% 8
\BOOKMARK [3][-]{subsubsection.1.2.4}{\376\377\000G\000r\000i\000d\000\040\000C\000o\000n\000v\000e\000r\000g\000e\000n\000c\000e\000\040\000a\000n\000d\000\040\000G\000e\000n\000e\000r\000a\000l\000i\000s\000e\000d\000\040\000R\000i\000c\000h\000a\000r\000d\000s\000o\000n\000\040\000E\000x\000t\000r\000a\000p\000o\000l\000a\000t\000i\000o\000n}{subsection.1.2}% 9
\BOOKMARK [3][-]{subsubsection.1.2.5}{\376\377\000X\000c\000o\000m\000p\000a\000c\000t\0003\000D}{subsection.1.2}% 10
\BOOKMARK [3][-]{subsubsection.1.2.6}{\376\377\000H\000i\000g\000h\000\040\000P\000e\000r\000f\000o\000r\000m\000a\000n\000c\000e\000\040\000C\000o\000m\000p\000u\000t\000i\000n\000g}{subsection.1.2}% 11
\BOOKMARK [3][-]{subsubsection.1.2.7}{\376\377\000K\000n\000o\000w\000l\000e\000d\000g\000e\000\040\000G\000a\000p}{subsection.1.2}% 12
\BOOKMARK [2][-]{subsection.1.3}{\376\377\000A\000i\000m\000\040\000a\000n\000d\000\040\000O\000b\000j\000e\000c\000t\000i\000v\000e\000s}{section.1}% 13
\BOOKMARK [2][-]{subsection.1.4}{\376\377\000S\000y\000n\000o\000p\000s\000i\000s}{section.1}% 14
\BOOKMARK [1][-]{section.2}{\376\377\000M\000e\000t\000h\000o\000d\000o\000l\000o\000g\000y}{}% 15
\BOOKMARK [2][-]{subsection.2.1}{\376\377\000F\000l\000o\000w\000\040\000P\000r\000o\000b\000l\000e\000m\000\040\000o\000f\000\040\000I\000n\000t\000e\000r\000e\000s\000t}{section.2}% 16
\BOOKMARK [3][-]{subsubsection.2.1.1}{\376\377\000L\000a\000m\000i\000n\000a\000r\000\040\000F\000l\000o\000w\000\040\000A\000r\000o\000u\000n\000d\000\040\000a\000\040\000C\000y\000l\000i\000n\000d\000e\000r}{subsection.2.1}% 17
\BOOKMARK [3][-]{subsubsection.2.1.2}{\376\377\000C\000h\000a\000n\000n\000e\000l\000\040\000F\000l\000o\000w}{subsection.2.1}% 18
\BOOKMARK [2][-]{subsection.2.2}{\376\377\000T\000h\000e\000o\000r\000e\000t\000i\000c\000a\000l\000\040\000B\000a\000c\000k\000g\000r\000o\000u\000n\000d}{section.2}% 19
\BOOKMARK [3][-]{subsubsection.2.2.1}{\376\377\000G\000o\000v\000e\000r\000n\000i\000n\000g\000\040\000E\000q\000u\000a\000t\000i\000o\000n\000s\000\040\000o\000f\000\040\000I\000n\000c\000o\000m\000p\000r\000e\000s\000s\000i\000b\000l\000e\000\040\000F\000l\000u\000i\000d\000\040\000F\000l\000o\000w}{subsection.2.2}% 20
\BOOKMARK [3][-]{subsubsection.2.2.2}{\376\377\000F\000r\000a\000c\000t\000i\000o\000n\000a\000l\000\040\000S\000t\000e\000p\000\040\000M\000e\000t\000h\000o\000d}{subsection.2.2}% 21
\BOOKMARK [3][-]{subsubsection.2.2.3}{\376\377\000S\000p\000a\000t\000i\000a\000l\000\040\000D\000i\000s\000c\000r\000e\000t\000i\000s\000a\000t\000i\000o\000n}{subsection.2.2}% 22
\BOOKMARK [3][-]{subsubsection.2.2.4}{\376\377\000T\000e\000m\000p\000o\000r\000a\000l\000\040\000D\000i\000s\000c\000r\000e\000t\000i\000s\000a\000t\000i\000o\000n}{subsection.2.2}% 23
\BOOKMARK [2][-]{subsection.2.3}{\376\377\000C\000o\000m\000p\000u\000t\000a\000t\000i\000o\000n\000a\000l\000\040\000P\000r\000o\000c\000e\000d\000u\000r\000e\000s}{section.2}% 24
\BOOKMARK [3][-]{subsubsection.2.3.1}{\376\377\000X\000c\000o\000m\000p\000a\000c\000t\0003\000D\000\040\000S\000e\000t\000u\000p}{subsection.2.3}% 25
\BOOKMARK [3][-]{subsubsection.2.3.2}{\376\377\000G\000r\000i\000d\000\040\000G\000e\000n\000e\000r\000a\000t\000i\000o\000n}{subsection.2.3}% 26
\BOOKMARK [3][-]{subsubsection.2.3.3}{\376\377\000C\000h\000a\000n\000n\000e\000l\000\040\000F\000l\000o\000w\000\040\000G\000e\000n\000e\000r\000a\000l\000i\000s\000e\000d\000\040\000R\000i\000c\000h\000a\000r\000d\000s\000o\000n\000\040\000E\000x\000t\000r\000a\000p\000o\000l\000a\000t\000i\000o\000n\000\040\000C\000a\000m\000p\000a\000i\000g\000n}{subsection.2.3}% 27
\BOOKMARK [3][-]{subsubsection.2.3.4}{\376\377\000O\000s\000c\000i\000l\000l\000a\000t\000i\000n\000g\000\040\000W\000a\000l\000l\000\040\000G\000e\000n\000e\000r\000a\000l\000i\000s\000e\000d\000\040\000R\000i\000c\000h\000a\000r\000d\000s\000o\000n\000\040\000E\000x\000t\000r\000a\000p\000o\000l\000a\000t\000i\000o\000n}{subsection.2.3}% 28
\BOOKMARK [1][-]{section.3}{\376\377\000R\000e\000s\000u\000l\000t\000s\000\040\000a\000n\000d\000\040\000D\000i\000s\000c\000u\000s\000s\000i\000o\000n}{}% 29
\BOOKMARK [2][-]{subsection.3.1}{\376\377\000L\000a\000m\000i\000n\000a\000r\000\040\000F\000l\000o\000w\000\040\000A\000r\000o\000u\000n\000d\000\040\000a\000\040\000C\000y\000l\000i\000n\000d\000e\000r\000\040\000C\000a\000s\000e\000\040\000R\000e\000s\000u\000l\000t\000s}{section.3}% 30
\BOOKMARK [2][-]{subsection.3.2}{\376\377\000C\000h\000a\000n\000n\000e\000l\000\040\000F\000l\000o\000w\000\040\000R\000e\000s\000u\000l\000t\000s}{section.3}% 31
\BOOKMARK [3][-]{subsubsection.3.2.1}{\376\377\000S\000i\000m\000u\000l\000a\000t\000i\000o\000n\000\040\000M\000e\000t\000r\000i\000c\000s}{subsection.3.2}% 32
\BOOKMARK [3][-]{subsubsection.3.2.2}{\376\377\000C\000o\000e\000f\000f\000i\000c\000i\000e\000n\000t\000\040\000o\000f\000\040\000F\000r\000i\000c\000t\000i\000o\000n\000\040\000R\000e\000s\000u\000l\000t}{subsection.3.2}% 33
\BOOKMARK [3][-]{subsubsection.3.2.3}{\376\377\000M\000e\000a\000n\000\040\000S\000t\000r\000e\000a\000m\000w\000i\000s\000e\000\040\000V\000e\000l\000o\000c\000i\000t\000y}{subsection.3.2}% 34
\BOOKMARK [3][-]{subsubsection.3.2.4}{\376\377\000R\000e\000y\000n\000o\000l\000d\000s\000\040\000S\000t\000r\000e\000s\000s\000e\000s}{subsection.3.2}% 35
\BOOKMARK [2][-]{subsection.3.3}{\376\377\000O\000s\000c\000i\000l\000l\000a\000t\000i\000n\000g\000\040\000W\000a\000l\000l\000\040\000F\000l\000o\000w\000\040\000C\000o\000n\000t\000r\000o\000l}{section.3}% 36
\BOOKMARK [3][-]{subsubsection.3.3.1}{\376\377\000S\000i\000m\000u\000l\000a\000t\000i\000o\000n\000\040\000M\000e\000t\000r\000i\000c\000s}{subsection.3.3}% 37
\BOOKMARK [3][-]{subsubsection.3.3.2}{\376\377\000C\000o\000e\000f\000f\000i\000c\000i\000e\000n\000t\000\040\000o\000f\000\040\000F\000r\000i\000c\000t\000i\000o\000n\000\040\000R\000e\000s\000u\000l\000t\000s}{subsection.3.3}% 38
\BOOKMARK [3][-]{subsubsection.3.3.3}{\376\377\000M\000e\000a\000n\000\040\000S\000t\000r\000e\000a\000m\000w\000i\000s\000e\000\040\000V\000e\000l\000o\000c\000i\000t\000y}{subsection.3.3}% 39
\BOOKMARK [3][-]{subsubsection.3.3.4}{\376\377\000R\000e\000y\000n\000o\000l\000d\000s\000\040\000S\000t\000r\000e\000s\000s\000e\000s}{subsection.3.3}% 40
\BOOKMARK [3][-]{subsubsection.3.3.5}{\376\377\000I\000n\000s\000t\000a\000n\000t\000a\000n\000e\000o\000u\000s\000\040\000V\000e\000l\000o\000c\000i\000t\000y\000\040\000F\000i\000e\000l\000d\000s}{subsection.3.3}% 41
\BOOKMARK [1][-]{section.4}{\376\377\000C\000o\000n\000c\000l\000u\000s\000i\000o\000n\000s\000\040\000a\000n\000d\000\040\000R\000e\000c\000o\000m\000m\000e\000n\000d\000a\000t\000i\000o\000n\000s}{}% 42
\BOOKMARK [2][-]{subsection.4.1}{\376\377\000C\000o\000n\000c\000l\000u\000s\000i\000o\000n\000s}{section.4}% 43
\BOOKMARK [2][-]{subsection.4.2}{\376\377\000R\000e\000c\000o\000m\000m\000e\000n\000d\000a\000t\000i\000o\000n\000s\000\040\000f\000o\000r\000\040\000F\000u\000t\000u\000r\000e\000\040\000W\000o\000r\000k}{section.4}% 44
\BOOKMARK [2][-]{subsection.4.3}{\376\377\000T\000e\000c\000h\000n\000i\000c\000a\000l\000\040\000A\000c\000k\000n\000o\000w\000l\000e\000d\000g\000e\000m\000e\000n\000t}{section.4}% 45
\BOOKMARK [1][-]{section*.34}{\376\377\000R\000e\000f\000e\000r\000e\000n\000c\000e\000s}{}% 46
\BOOKMARK [1][-]{appendix.A}{\376\377\000S\000o\000f\000t\000w\000a\000r\000e\000\040\000C\000h\000o\000i\000c\000e}{}% 47
\BOOKMARK [1][-]{appendix.B}{\376\377\000C\000U\000R\000E\000S}{}% 48
\BOOKMARK [1][-]{appendix.C}{\376\377\000A\000R\000C\000H\000E\000R\0002\000\040\000U\000s\000a\000g\000e\000\040\000R\000e\000p\000o\000r\000t}{}% 49
